2016-12-19 10:22:55,733   ibmiotf.application.Client  INFO    Connected successfully: a:2073pd:aaab827ebc03307
2016-12-19 10:46:11,469   ibmiotf.application.Client  INFO    Connected successfully: a:2073pd:aaab827ebc03307
2016-12-19 10:48:13,295   ibmiotf.application.Client  INFO    Connected successfully: a:2073pd:aaab827ebc03307
2016-12-19 10:49:00,038   ibmiotf.application.Client  INFO    Connected successfully: a:2073pd:aaab827ebc03307
2016-12-19 10:49:26,916   ibmiotf.application.Client  INFO    Connected successfully: a:2073pd:aaab827ebc03307
2016-12-19 10:50:40,758   ibmiotf.application.Client  INFO    Connected successfully: a:2073pd:aaab827ebc03307
2016-12-19 10:53:50,836   ibmiotf.application.Client  INFO    Connected successfully: a:2073pd:aaab827ebc03307
2016-12-19 10:57:46,822   ibmiotf.application.Client  INFO    Connected successfully: a:2073pd:aaab827ebc03307
2016-12-19 11:31:53,036   ibmiotf.application.Client  INFO    Connected successfully: a:2073pd:aaab827ebc03307
2016-12-19 11:35:16,205   ibmiotf.application.Client  INFO    Connected successfully: a:2073pd:aaab827ebc03307
2016-12-19 11:50:50,470   ibmiotf.application.Client  INFO    Connected successfully: a:2073pd:aaab827ebc03307
2016-12-19 12:22:52,981   ibmiotf.application.Client  INFO    Connected successfully: a:2073pd:aaab827ebc03307
2016-12-19 12:58:21,018   ibmiotf.application.Client  ERROR   Unexpected disconnect from the IBM Watson IoT Platform
2016-12-19 12:58:21,019   ibmiotf.application.Client  INFO    Messages published : 0, life: 2130s, rate: 1/0.00s
2016-12-19 12:58:21,019   ibmiotf.application.Client  INFO    Messages received  : 2070, life: 2130s, rate: 1/1.03s
2016-12-19 13:44:43,217   ibmiotf.application.Client  INFO    Connected successfully: a:2073pd:aaab827ebc03307
2016-12-19 15:37:23,263   ibmiotf.application.Client  INFO    Connected successfully: a:2073pd:aaab827ebc03307
2016-12-19 15:38:29,501   ibmiotf.application.Client  INFO    Connected successfully: a:2073pd:aaab827ebc03307
2016-12-19 15:53:52,609   ibmiotf.application.Client  ERROR   Unexpected disconnect from the IBM Watson IoT Platform
2016-12-19 15:53:52,609   ibmiotf.application.Client  INFO    Messages published : 0, life: 927s, rate: 1/0.00s
2016-12-19 15:53:52,610   ibmiotf.application.Client  INFO    Messages received  : 647, life: 927s, rate: 1/1.43s
2016-12-19 15:54:00,482   ibmiotf.application.Client  INFO    Connected successfully: a:2073pd:aaab827ebc03307
2016-12-19 15:56:04,922   ibmiotf.application.Client  ERROR   Unexpected disconnect from the IBM Watson IoT Platform
2016-12-19 15:56:04,922   ibmiotf.application.Client  INFO    Messages published : 0, life: 1059s, rate: 1/0.00s
2016-12-19 15:56:04,922   ibmiotf.application.Client  INFO    Messages received  : 702, life: 1059s, rate: 1/1.51s
2016-12-19 15:56:04,922   ibmiotf.application.Client  ERROR   Unexpected disconnect from the IBM Watson IoT Platform
2016-12-19 15:56:04,922   ibmiotf.application.Client  INFO    Messages published : 0, life: 1059s, rate: 1/0.00s
2016-12-19 15:56:04,922   ibmiotf.application.Client  INFO    Messages received  : 702, life: 1059s, rate: 1/1.51s
2016-12-19 15:56:08,871   ibmiotf.application.Client  INFO    Connected successfully: a:2073pd:aaab827ebc03307
2016-12-19 16:02:19,553   ibmiotf.application.Client  ERROR   Unexpected disconnect from the IBM Watson IoT Platform
2016-12-19 16:02:19,553   ibmiotf.application.Client  INFO    Messages published : 0, life: 1434s, rate: 1/0.00s
2016-12-19 16:02:19,553   ibmiotf.application.Client  INFO    Messages received  : 1003, life: 1434s, rate: 1/1.43s
2016-12-19 16:02:24,483   ibmiotf.application.Client  INFO    Connected successfully: a:2073pd:aaab827ebc03307
2016-12-20 11:42:20,957   ibmiotf.application.Client  INFO    Connected successfully: a:2073pd:aaab827ebc03307
2016-12-20 12:15:32,483   ibmiotf.application.Client  INFO    Connected successfully: a:2073pd:aaab827ebc03307
2016-12-21 17:01:08,945   ibmiotf.application.Client  INFO    Connected successfully: a:2073pd:aaab827ebc03307
2016-12-21 17:39:06,014   ibmiotf.application.Client  INFO    Connected successfully: a:2073pd:aaab827ebc03307
2016-12-22 10:30:34,762   ibmiotf.application.Client  CRITICAL Failed to connect to the IBM Internet of Things service: 2073pd.messaging.internetofthings.ibmcloud.com - [WinError 10060] A connection attempt failed because the connected party did not properly respond after a period of time, or established connection failed because connected host has failed to respond
2016-12-22 10:31:09,714   ibmiotf.application.Client  CRITICAL Failed to connect to the IBM Internet of Things service: 2073pd.messaging.internetofthings.ibmcloud.com - [WinError 10060] A connection attempt failed because the connected party did not properly respond after a period of time, or established connection failed because connected host has failed to respond
2016-12-22 10:31:45,485   ibmiotf.application.Client  INFO    Connected successfully: a:2073pd:aaab827ebc03307
2016-12-22 10:49:40,684   ibmiotf.application.Client  INFO    Connected successfully: a:2073pd:aaab827ebc03307
2016-12-22 10:52:40,048   ibmiotf.application.Client  INFO    Connected successfully: a:2073pd:aaab827ebc03307
2016-12-22 10:55:00,829   ibmiotf.application.Client  INFO    Connected successfully: a:2073pd:aaab827ebc03307
2016-12-22 10:55:22,213   ibmiotf.application.Client  INFO    Connected successfully: a:2073pd:aaab827ebc03307
2016-12-22 11:32:27,655   ibmiotf.application.Client  INFO    Connected successfully: a:2073pd:aaab827ebc03307
2016-12-22 11:43:56,828   ibmiotf.application.Client  INFO    Connected successfully: a:2073pd:aaab827ebc03307
2016-12-22 11:44:34,342   ibmiotf.application.Client  INFO    Connected successfully: a:2073pd:aaab827ebc03307
2016-12-22 11:47:50,140   ibmiotf.application.Client  INFO    Connected successfully: a:2073pd:aaab827ebc03307
2016-12-22 11:48:46,341   ibmiotf.application.Client  INFO    Connected successfully: a:2073pd:aaab827ebc03307
